27/11/2019 09:37:10	This log contains information about the import schema operation into project 'AdventureWorks' on computer '3VN9MT2' by user 'Thomas.Fynes'.
27/11/2019 09:37:10	Import of database schema has started.
27/11/2019 09:37:21	Gathering database credentials
27/11/2019 09:37:21	Gathering database options
27/11/2019 09:37:21	Gathering users
27/11/2019 09:37:21	Gathering roles
27/11/2019 09:37:21	Gathering application roles
27/11/2019 09:37:21	Gathering role memberships
27/11/2019 09:37:21	Gathering filegroups
27/11/2019 09:37:21	Gathering full-text catalogs
27/11/2019 09:37:21	Gathering assemblies
27/11/2019 09:37:21	Gathering certificates
27/11/2019 09:37:21	Gathering asymmetric keys
27/11/2019 09:37:21	Gathering symmetric keys
27/11/2019 09:37:21	Gathering encrypted symmetric keys
27/11/2019 09:37:21	Gathering schemas
27/11/2019 09:37:21	Gathering XML schema collections
27/11/2019 09:37:21	Gathering user-defined data types
27/11/2019 09:37:21	Gathering user-defined types
27/11/2019 09:37:21	Gathering table types
27/11/2019 09:37:21	Gathering unique keys for table types
27/11/2019 09:37:21	Gathering primary keys for table types
27/11/2019 09:37:21	Gathering indexes for table types
27/11/2019 09:37:21	Gathering check constraints for table types
27/11/2019 09:37:21	Gathering default constraints for table types
27/11/2019 09:37:21	Gathering partition functions
27/11/2019 09:37:21	Gathering partition schemes
27/11/2019 09:37:21	Gathering functions
27/11/2019 09:37:21	Gathering encrypted functions
27/11/2019 09:37:21	Gathering aggregates
27/11/2019 09:37:21	Gathering procedures
27/11/2019 09:37:21	Gathering encrypted procedures
27/11/2019 09:37:21	Gathering tables
27/11/2019 09:37:22	Gathering primary keys
27/11/2019 09:37:22	Gathering unique constraints
27/11/2019 09:37:22	Gathering foreign keys
27/11/2019 09:37:22	Gathering default constraints
27/11/2019 09:37:22	Gathering check constraints
27/11/2019 09:37:22	Gathering views
27/11/2019 09:37:22	Gathering encrypted views
27/11/2019 09:37:22	Gathering indexes
27/11/2019 09:37:22	Gathering statistics
27/11/2019 09:37:22	Gathering full-text index stoplists
27/11/2019 09:37:22	Gathering search property lists
27/11/2019 09:37:22	Gathering search properties
27/11/2019 09:37:22	Gathering full-text indexes
27/11/2019 09:37:22	Gathering column store indexes
27/11/2019 09:37:22	Gathering spatial indexes
27/11/2019 09:37:22	Gathering XML indexes
27/11/2019 09:37:22	Gathering Selective XML indexes
27/11/2019 09:37:22	Gathering encrypted triggers
27/11/2019 09:37:22	Gathering triggers
27/11/2019 09:37:22	Gathering encrypted and clr ddl triggers
27/11/2019 09:37:22	Gathering ddl triggers
27/11/2019 09:37:22	Gathering synonyms
27/11/2019 09:37:22	Gathering defaults
27/11/2019 09:37:22	Gathering data constraint uddt bindings
27/11/2019 09:37:22	Gathering rules
27/11/2019 09:37:22	Gathering data constraint uddt bindings
27/11/2019 09:37:22	Gathering message types
27/11/2019 09:37:22	Gathering queues
27/11/2019 09:37:23	Gathering contracts
27/11/2019 09:37:23	Gathering services
27/11/2019 09:37:23	Gathering event notifications
27/11/2019 09:37:23	Gathering remote service bindings
27/11/2019 09:37:23	Gathering broker priorities
27/11/2019 09:37:23	Gathering signatures
27/11/2019 09:37:23	Gathering data compression options
27/11/2019 09:37:23	Gathering sequence types
27/11/2019 09:37:23	Gathering security policies
27/11/2019 09:37:23	Gather column encryption keys
27/11/2019 09:37:23	Gathering column master keys
27/11/2019 09:37:23	Gathering external data sources
27/11/2019 09:37:23	Gathering external file formats
27/11/2019 09:37:23	Gathering external tables
27/11/2019 09:37:23	Gathering extended properties
27/11/2019 09:37:24	Scanning project for duplicate elements
27/11/2019 09:37:24	Finished duplicate element processing
27/11/2019 09:37:59	Finished importing database.
27/11/2019 09:37:59	A summary of the import was saved to the following location: C:\MyProjects\SQL\AdventureWorks\AdventureWorks\Import Schema Logs\AdventureWorks_20191127093710.log
27/11/2019 09:37:59	Click Finish to continue...
